<?xml version="1.0" encoding="UTF-8"?>
<!-- Generated by org.testng.reporters.JUnitReportReporter -->
<testsuite hostname="DESKTOP-9QTIESN" failures="0" tests="1" name="testscript.LoginTest" time="1.307" errors="0" timestamp="2024-08-11T15:48:23 IST" skipped="0">
  <testcase classname="testscript.LoginTest" name="VerifyTheUserIsAbleToLoginUsingInvalidUsernameAndInalidPassword" time="1.307"/>
</testsuite> <!-- testscript.LoginTest -->
