<?xml version="1.0" encoding="UTF-8"?>
<!-- Generated by org.testng.reporters.JUnitReportReporter -->
<testsuite hostname="DESKTOP-9QTIESN" failures="0" tests="1" name="testscript.ManageNewsTest" time="4.351" errors="0" timestamp="2024-08-11T22:59:30 IST" skipped="0">
  <testcase classname="testscript.ManageNewsTest" name="verifyUserisableToAddNews" time="4.351"/>
</testsuite> <!-- testscript.ManageNewsTest -->
